<?xml version="1.0" encoding="UTF-8" ?>
<testsuite errors="0" failures="0" hostname="Sahana-PC" name="com.flatironschool.javacs.ListClientExampleTest" skipped="0" tests="1" time="0.058" timestamp="2016-03-22T03:16:06">
  <properties>
    <property name="java.vendor" value="Oracle Corporation" />
    <property name="env.SYSTEMROOT" value="C:\WINDOWS" />
    <property name="env.USERDOMAIN_ROAMINGPROFILE" value="Sahana-PC" />
    <property name="sun.java.launcher" value="SUN_STANDARD" />
    <property name="sun.management.compiler" value="HotSpot 64-Bit Tiered Compilers" />
    <property name="env.UOIPME_REG_PATH" value="C:\Program Files\Intel Corporation\USB over IP" />
    <property name="env.PROMPT" value="$P$G" />
    <property name="env.LESSCHARSET" value="utf-8" />
    <property name="os.name" value="Windows 8.1" />
    <property name="env.HISTFILE" value="c:/Users/Sahana/.bash_history" />
    <property name="env.FP_NO_HOST_CHECK" value="NO" />
    <property name="sun.boot.class.path" value="C:\Program Files\Java\jdk1.8.0_31\jre\lib\resources.jar;C:\Program Files\Java\jdk1.8.0_31\jre\lib\rt.jar;C:\Program Files\Java\jdk1.8.0_31\jre\lib\sunrsasign.jar;C:\Program Files\Java\jdk1.8.0_31\jre\lib\jsse.jar;C:\Program Files\Java\jdk1.8.0_31\jre\lib\jce.jar;C:\Program Files\Java\jdk1.8.0_31\jre\lib\charsets.jar;C:\Program Files\Java\jdk1.8.0_31\jre\lib\jfr.jar;C:\Program Files\Java\jdk1.8.0_31\jre\classes" />
    <property name="env.COMPUTERNAME" value="SAHANA-PC" />
    <property name="env.PWD" value="c:/Users/Sahana/codeU/cs-swapping-implementations-lab-codeU" />
    <property name="env.MAKE_MODE" value="unix" />
    <property name="env.ALLUSERSPROFILE" value="C:\ProgramData" />
    <property name="sun.desktop" value="windows" />
    <property name="env.LESS" value="-FRSX" />
    <property name="java.vm.specification.vendor" value="Oracle Corporation" />
    <property name="ant.home" value="C:\Users\Sahana\Ant\apache-ant-1.9.6" />
    <property name="env.PLATFORMCODE" value="KV" />
    <property name="java.runtime.version" value="1.8.0_31-b13" />
    <property name="env.HOMEPATH" value="\Users\Sahana" />
    <property name="user.name" value="Sahana" />
    <property name="env._" value="c:/RailsInstaller/Ruby2.2.0/bin/learn-test" />
    <property name="env.USER" value="Sahana" />
    <property name="env.GNUPGHOME" value="c:/Users/Sahana/.gnupg" />
    <property name="env.MSYSTEM" value="MINGW32" />
    <property name="env.ONLINESERVICES" value="Online Services" />
    <property name="env.PATH" value="c:\Users\Sahana\bin;.;C:\RailsInstaller\Git\local\bin;C:\RailsInstaller\Git\mingw\bin;C:\RailsInstaller\Git\bin;c:\ProgramData\Oracle\Java\javapath;c:\Program Files (x86)\Intel\iCLS Client\;c:\Program Files\Intel\iCLS Client\;c:\WINDOWS\system32;c:\WINDOWS;c:\WINDOWS\System32\Wbem;c:\WINDOWS\System32\WindowsPowerShell\v1.0\;c:\Program Files\Hewlett-Packard\SimplePass\;c:\Program Files\Intel\WiFi\bin\;c:\Program Files\Common Files\Intel\WirelessCommon\;c:\Program Files\Intel\Intel(R) Management Engine Components\DAL;c:\Program Files (x86)\Intel\Intel(R) Management Engine Components\DAL;c:\Program Files\Intel\Intel(R) Management Engine Components\IPT;c:\Program Files (x86)\Intel\Intel(R) Management Engine Components\IPT;c:\Program Files\MATLAB\R2015b\bin;c:\Program Files (x86)\Windows Live\Shared;c:\RailsInstaller\Ruby2.2.0\bin;C:\RailsInstaller\Git\cmd;C:\RailsInstaller\Git\bin;c:\Program Files\Java\jdk1.8.0_31;c:\Users\Sahana\Ant\apache-ant-1.9.6\bin;c:\RailsInstaller\DevKit\bin" />
    <property name="user.language" value="en" />
    <property name="env.WINDIR" value="C:\WINDOWS" />
    <property name="sun.boot.library.path" value="C:\Program Files\Java\jdk1.8.0_31\jre\bin" />
    <property name="ant.project.default-target" value="build" />
    <property name="ant.project.name" value="JavaCS" />
    <property name="java.version" value="1.8.0_31" />
    <property name="env.PROCESSOR_IDENTIFIER" value="Intel64 Family 6 Model 61 Stepping 4, GenuineIntel" />
    <property name="user.timezone" value="America/New_York" />
    <property name="env.TEMP" value="C:/Users/Sahana/AppData/Local/Temp" />
    <property name="sun.arch.data.model" value="64" />
    <property name="env.!::" value="::\" />
    <property name="env.PLATFORM" value="MCD" />
    <property name="java.endorsed.dirs" value="C:\Program Files\Java\jdk1.8.0_31\jre\lib\endorsed" />
    <property name="env._JAVACMD" value="C:\Program Files\Java\jdk1.8.0_31\bin\java.exe" />
    <property name="sun.cpu.isalist" value="amd64" />
    <property name="env.HOMEDRIVE" value="C:" />
    <property name="sun.jnu.encoding" value="Cp1252" />
    <property name="file.encoding.pkg" value="sun.io" />
    <property name="env.SHLVL" value="1" />
    <property name="env.SYSTEMDRIVE" value="C:" />
    <property name="file.separator" value="\" />
    <property name="java.specification.name" value="Java Platform API Specification" />
    <property name="java.class.version" value="52.0" />
    <property name="user.country" value="US" />
    <property name="ant.file.JavaCS" value="c:\Users\Sahana\codeU\cs-swapping-implementations-lab-codeU\javacs-lab01\build.xml" />
    <property name="java.home" value="C:\Program Files\Java\jdk1.8.0_31\jre" />
    <property name="env.APPDATA" value="C:\Users\Sahana\AppData\Roaming" />
    <property name="env.PUBLIC" value="C:\Users\Public" />
    <property name="java.vm.info" value="mixed mode" />
    <property name="env.OS" value="Windows_NT" />
    <property name="env.LOGNAME" value="Sahana" />
    <property name="ant.file" value="c:\Users\Sahana\codeU\cs-swapping-implementations-lab-codeU\javacs-lab01\build.xml" />
    <property name="os.version" value="6.3" />
    <property name="env._USE_CLASSPATH" value="no" />
    <property name="path.separator" value=";" />
    <property name="java.vm.version" value="25.31-b07" />
    <property name="env.ASL.LOG" value="Destination=file" />
    <property name="user.variant" value="" />
    <property name="env.USERPROFILE" value="C:\Users\Sahana" />
    <property name="ant.library.dir" value="C:\Users\Sahana\Ant\apache-ant-1.9.6\lib" />
    <property name="env.SSL_CERT_FILE" value="C:\RailsInstaller\cacert.pem" />
    <property name="junit.output.dir" value="junit" />
    <property name="env.JAVA_HOME" value="C:\Program Files\Java\jdk1.8.0_31" />
    <property name="java.awt.printerjob" value="sun.awt.windows.WPrinterJob" />
    <property name="env.TERM" value="cygwin" />
    <property name="env.TMP" value="C:/Users/Sahana/AppData/Local/Temp" />
    <property name="env.PROGRAMFILES" value="C:\Program Files" />
    <property name="sun.io.unicode.encoding" value="UnicodeLittle" />
    <property name="awt.toolkit" value="sun.awt.windows.WToolkit" />
    <property name="sun.stdout.encoding" value="cp437" />
    <property name="user.script" value="" />
    <property name="user.home" value="C:\Users\Sahana" />
    <property name="target" value="1.6" />
    <property name="env.COMMONPROGRAMFILES" value="C:\Program Files\Common Files" />
    <property name="env.OLDPWD" value="c:/Users/Sahana/codeU" />
    <property name="env.SESSIONNAME" value="Console" />
    <property name="java.specification.vendor" value="Oracle Corporation" />
    <property name="java.library.path" value="C:\Program Files\Java\jdk1.8.0_31\jre\bin;C:\WINDOWS\Sun\Java\bin;C:\WINDOWS\system32;C:\WINDOWS;c:\Users\Sahana\bin;.;C:\RailsInstaller\Git\local\bin;C:\RailsInstaller\Git\mingw\bin;C:\RailsInstaller\Git\bin;c:\ProgramData\Oracle\Java\javapath;c:\Program Files (x86)\Intel\iCLS Client\;c:\Program Files\Intel\iCLS Client\;c:\WINDOWS\system32;c:\WINDOWS;c:\WINDOWS\System32\Wbem;c:\WINDOWS\System32\WindowsPowerShell\v1.0\;c:\Program Files\Hewlett-Packard\SimplePass\;c:\Program Files\Intel\WiFi\bin\;c:\Program Files\Common Files\Intel\WirelessCommon\;c:\Program Files\Intel\Intel(R) Management Engine Components\DAL;c:\Program Files (x86)\Intel\Intel(R) Management Engine Components\DAL;c:\Program Files\Intel\Intel(R) Management Engine Components\IPT;c:\Program Files (x86)\Intel\Intel(R) Management Engine Components\IPT;c:\Program Files\MATLAB\R2015b\bin;c:\Program Files (x86)\Windows Live\Shared;c:\RailsInstaller\Ruby2.2.0\bin;C:\RailsInstaller\Git\cmd;C:\RailsInstaller\Git\bin;c:\Program Files\Java\jdk1.8.0_31;c:\Users\Sahana\Ant\apache-ant-1.9.6\bin;c:\RailsInstaller\DevKit\bin;." />
    <property name="java.vendor.url" value="http://java.oracle.com/" />
    <property name="env.NUMBER_OF_PROCESSORS" value="4" />
    <property name="env.PSMODULEPATH" value="C:\WINDOWS\system32\WindowsPowerShell\v1.0\Modules\" />
    <property name="env.COMMONPROGRAMFILES(X86)" value="C:\Program Files (x86)\Common Files" />
    <property name="java.vm.vendor" value="Oracle Corporation" />
    <property name="java.runtime.name" value="Java(TM) SE Runtime Environment" />
    <property name="ant.version" value="Apache Ant(TM) version 1.9.6 compiled on June 29 2015" />
    <property name="java.class.path" value="c:\Users\Sahana\codeU\cs-swapping-implementations-lab-codeU\javacs-lab01\bin;c:\Users\Sahana\codeU\cs-swapping-implementations-lab-codeU\javacs-lab01\lib\junit-4.12.jar;c:\Users\Sahana\codeU\cs-swapping-implementations-lab-codeU\javacs-lab01\lib\hamcrest-core-1.3.jar;C:\Users\Sahana\Ant\apache-ant-1.9.6\lib\ant-launcher.jar;C:\Users\Sahana\Ant\apache-ant-1.9.6\lib\ant.jar;C:\Users\Sahana\Ant\apache-ant-1.9.6\lib\ant-junit.jar;C:\Users\Sahana\Ant\apache-ant-1.9.6\lib\ant-junit4.jar" />
    <property name="sun.java.command" value="org.apache.tools.ant.taskdefs.optional.junit.JUnitTestRunner com.flatironschool.javacs.ListClientExampleTest skipNonTests=false filtertrace=true haltOnError=false haltOnFailure=false formatter=org.apache.tools.ant.taskdefs.optional.junit.OutErrSummaryJUnitResultFormatter showoutput=false outputtoformatters=true logfailedtests=true threadid=0 logtestlistenerevents=false formatter=org.apache.tools.ant.taskdefs.optional.junit.XMLJUnitResultFormatter,c:\Users\Sahana\codeU\cs-swapping-implementations-lab-codeU\javacs-lab01\junit\TEST-com.flatironschool.javacs.ListClientExampleTest.xml formatter=org.apache.tools.ant.taskdefs.optional.junit.PlainJUnitResultFormatter crashfile=c:\Users\Sahana\codeU\cs-swapping-implementations-lab-codeU\javacs-lab01\junitvmwatcher8657739559713629324.properties propsfile=c:\Users\Sahana\codeU\cs-swapping-implementations-lab-codeU\javacs-lab01\junit5262251864941166355.properties" />
    <property name="env.PROGRAMW6432" value="C:\Program Files" />
    <property name="ant.file.type.JavaCS" value="file" />
    <property name="env.PROGRAMFILES(X86)" value="C:\Program Files (x86)" />
    <property name="java.vm.specification.name" value="Java Virtual Machine Specification" />
    <property name="ant.file.type" value="file" />
    <property name="env.LOGONSERVER" value="\\SAHANA-PC" />
    <property name="env.PROCESSOR_ARCHITECTURE" value="AMD64" />
    <property name="java.vm.specification.version" value="1.8" />
    <property name="env.COMMONPROGRAMW6432" value="C:\Program Files\Common Files" />
    <property name="sun.cpu.endian" value="little" />
    <property name="sun.os.patch.level" value="" />
    <property name="debuglevel" value="source,lines,vars" />
    <property name="env.HOME" value="c:/Users/Sahana" />
    <property name="env.ANT_HOME" value="C:\Users\Sahana\Ant\apache-ant-1.9.6" />
    <property name="env.PROCESSOR_REVISION" value="3d04" />
    <property name="java.io.tmpdir" value="C:\Users\Sahana\AppData\Local\Temp\" />
    <property name="java.vendor.url.bug" value="http://bugreport.sun.com/bugreport/" />
    <property name="env.COMSPEC" value="C:\WINDOWS\system32\cmd.exe" />
    <property name="env.PROGRAMDATA" value="C:\ProgramData" />
    <property name="java.awt.graphicsenv" value="sun.awt.Win32GraphicsEnvironment" />
    <property name="env.ANT_CMD_LINE_ARGS" value=" test -buildfile javacs-lab01/build.xml" />
    <property name="os.arch" value="amd64" />
    <property name="env.PLINK_PROTOCOL" value="ssh" />
    <property name="java.ext.dirs" value="C:\Program Files\Java\jdk1.8.0_31\jre\lib\ext;C:\WINDOWS\Sun\Java\lib\ext" />
    <property name="env.LOCALAPPDATA" value="C:\Users\Sahana\AppData\Local" />
    <property name="user.dir" value="c:\Users\Sahana\codeU\cs-swapping-implementations-lab-codeU" />
    <property name="env.INPUTRC" value="C:/RailsInstaller/Git/etc/inputrc" />
    <property name="line.separator" value="&#xd;&#xa;" />
    <property name="java.vm.name" value="Java HotSpot(TM) 64-Bit Server VM" />
    <property name="env.PATHEXT" value=".COM;.EXE;.BAT;.CMD;.VBS;.VBE;.JS;.JSE;.WSF;.WSH;.MSC" />
    <property name="basedir" value="c:\Users\Sahana\codeU\cs-swapping-implementations-lab-codeU\javacs-lab01" />
    <property name="ant.java.version" value="1.8" />
    <property name="ant.core.lib" value="C:\Users\Sahana\Ant\apache-ant-1.9.6\lib\ant.jar" />
    <property name="env.USERNAME" value="Sahana" />
    <property name="source" value="1.6" />
    <property name="sun.stderr.encoding" value="cp437" />
    <property name="file.encoding" value="Cp1252" />
    <property name="env.USERDOMAIN" value="Sahana-PC" />
    <property name="java.specification.version" value="1.8" />
    <property name="env.=C:" value="c:\Users\Sahana\CodeU\cs-swapping-implementations-lab-codeU" />
    <property name="ant.project.invoked-targets" value="test" />
    <property name="env.PROCESSOR_LEVEL" value="6" />
  </properties>
  <testcase classname="com.flatironschool.javacs.ListClientExampleTest" name="testListClientExample" time="0.004" />
  <system-out><![CDATA[]]></system-out>
  <system-err><![CDATA[]]></system-err>
</testsuite>
